app/build/outputs/logs/manifest-merger-debug-report.txt
-- Merging decision tree log ---
manifest
ADDED from src/main/AndroidManifest.xml:22:1-125:12
	package
		ADDED from src/main/AndroidManifest.xml:23:5-42
		INJECTED from src/main/AndroidManifest.xml
		INJECTED from src/main/AndroidManifest.xml
	xmlns:android
		ADDED from src/main/AndroidManifest.xml:22:11-69
uses-sdk
ADDED from src/main/AndroidManifest.xml:25:5-44
MERGED from [com.oguzdev:CircularFloatingActionMenu:1.0.2] AndroidManifest.xml:7:5-9:41
MERGED from [uk.co.chrisjenx:calligraphy:2.2.0] AndroidManifest.xml:7:5-9:41
MERGED from [com.android.support:appcompat-v7:23.1.1] AndroidManifest.xml:20:5-43
MERGED from [com.android.support:support-v4:23.1.1] AndroidManifest.xml:20:5-43
	android:targetSdkVersion
		INJECTED from src/main/AndroidManifest.xml
		INJECTED from src/main/AndroidManifest.xml
	android:minSdkVersion
		ADDED from src/main/AndroidManifest.xml:25:15-41
		INJECTED from src/main/AndroidManifest.xml
		INJECTED from src/main/AndroidManifest.xml
application
ADDED from src/main/AndroidManifest.xml:27:5-123:19
MERGED from [uk.co.chrisjenx:calligraphy:2.2.0] AndroidManifest.xml:11:5-20
MERGED from [com.android.support:appcompat-v7:23.1.1] AndroidManifest.xml:22:5-20
MERGED from [com.android.support:support-v4:23.1.1] AndroidManifest.xml:22:5-20
	android:label
		ADDED from src/main/AndroidManifest.xml:28:9-41
	android:icon
		ADDED from src/main/AndroidManifest.xml:27:18-52
	android:theme
		ADDED from src/main/AndroidManifest.xml:30:9-40
	android:name
		ADDED from src/main/AndroidManifest.xml:29:9-38
provider#com.example.android.notepad.NotePadProvider
ADDED from src/main/AndroidManifest.xml:32:9-36:20
	android:authorities
		ADDED from src/main/AndroidManifest.xml:33:13-62
	android:exported
		ADDED from src/main/AndroidManifest.xml:34:13-37
	android:name
		ADDED from src/main/AndroidManifest.xml:32:19-49
grant-uri-permission
ADDED from src/main/AndroidManifest.xml:35:13-62
	android:pathPattern
		ADDED from src/main/AndroidManifest.xml:35:35-59
activity#com.example.android.notepad.NotesList
ADDED from src/main/AndroidManifest.xml:38:9-58:20
	android:label
		ADDED from src/main/AndroidManifest.xml:38:44-84
	android:windowSoftInputMode
		ADDED from src/main/AndroidManifest.xml:41:13-55
	android:theme
		ADDED from src/main/AndroidManifest.xml:40:13-44
	android:name
		ADDED from src/main/AndroidManifest.xml:38:19-43
intent-filter#android.intent.action.MAIN+android.intent.category.LAUNCHER
ADDED from src/main/AndroidManifest.xml:42:13-45:29
action#android.intent.action.MAIN
ADDED from src/main/AndroidManifest.xml:43:17-69
	android:name
		ADDED from src/main/AndroidManifest.xml:43:25-66
category#android.intent.category.LAUNCHER
ADDED from src/main/AndroidManifest.xml:44:17-77
	android:name
		ADDED from src/main/AndroidManifest.xml:44:27-74
intent-filter#android.intent.action.EDIT+android.intent.action.PICK+android.intent.action.VIEW+android.intent.category.DEFAULT
ADDED from src/main/AndroidManifest.xml:46:13-52:29
action#android.intent.action.VIEW
ADDED from src/main/AndroidManifest.xml:47:17-69
	android:name
		ADDED from src/main/AndroidManifest.xml:47:25-66
action#android.intent.action.EDIT
ADDED from src/main/AndroidManifest.xml:48:17-69
	android:name
		ADDED from src/main/AndroidManifest.xml:48:25-66
action#android.intent.action.PICK
ADDED from src/main/AndroidManifest.xml:49:17-69
	android:name
		ADDED from src/main/AndroidManifest.xml:49:25-66
category#android.intent.category.DEFAULT
ADDED from src/main/AndroidManifest.xml:50:17-76
	android:name
		ADDED from src/main/AndroidManifest.xml:50:27-73
data
ADDED from src/main/AndroidManifest.xml:51:17-83
	android:mimeType
		ADDED from src/main/AndroidManifest.xml:51:23-80
intent-filter#android.intent.action.GET_CONTENT+android.intent.category.DEFAULT
ADDED from src/main/AndroidManifest.xml:53:13-57:29
action#android.intent.action.GET_CONTENT
ADDED from src/main/AndroidManifest.xml:54:17-76
	android:name
		ADDED from src/main/AndroidManifest.xml:54:25-73
activity#com.example.android.notepad.NoteEditor
ADDED from src/main/AndroidManifest.xml:60:9-86:20
	android:screenOrientation
		ADDED from src/main/AndroidManifest.xml:62:13-47
	android:configChanges
		ADDED from src/main/AndroidManifest.xml:63:13-63
	android:theme
		ADDED from src/main/AndroidManifest.xml:61:13-60
	android:name
		ADDED from src/main/AndroidManifest.xml:60:19-44
intent-filter#android.intent.action.EDIT+android.intent.action.VIEW+android.intent.category.DEFAULT+com.android.notepad.action.EDIT_NOTE
ADDED from src/main/AndroidManifest.xml:67:13-73:29
	android:label
		ADDED from src/main/AndroidManifest.xml:67:28-64
action#com.android.notepad.action.EDIT_NOTE
ADDED from src/main/AndroidManifest.xml:70:17-79
	android:name
		ADDED from src/main/AndroidManifest.xml:70:25-76
intent-filter#android.intent.action.INSERT+android.intent.action.PASTE+android.intent.category.DEFAULT
ADDED from src/main/AndroidManifest.xml:79:13-84:29
action#android.intent.action.INSERT
ADDED from src/main/AndroidManifest.xml:80:17-71
	android:name
		ADDED from src/main/AndroidManifest.xml:80:25-68
action#android.intent.action.PASTE
ADDED from src/main/AndroidManifest.xml:81:17-70
	android:name
		ADDED from src/main/AndroidManifest.xml:81:25-67
activity#com.example.android.notepad.TitleEditor
ADDED from src/main/AndroidManifest.xml:88:9-113:20
	android:label
		ADDED from src/main/AndroidManifest.xml:89:13-53
	android:windowSoftInputMode
		ADDED from src/main/AndroidManifest.xml:92:13-55
	android:icon
		ADDED from src/main/AndroidManifest.xml:90:13-50
	android:theme
		ADDED from src/main/AndroidManifest.xml:91:13-61
	android:name
		ADDED from src/main/AndroidManifest.xml:88:19-45
intent-filter#android.intent.category.ALTERNATIVE+android.intent.category.DEFAULT+android.intent.category.SELECTED_ALTERNATIVE+com.android.notepad.action.EDIT_TITLE
ADDED from src/main/AndroidManifest.xml:97:13-112:29
	android:label
		ADDED from src/main/AndroidManifest.xml:97:28-65
action#com.android.notepad.action.EDIT_TITLE
ADDED from src/main/AndroidManifest.xml:101:17-80
	android:name
		ADDED from src/main/AndroidManifest.xml:101:25-77
category#android.intent.category.ALTERNATIVE
ADDED from src/main/AndroidManifest.xml:106:17-80
	android:name
		ADDED from src/main/AndroidManifest.xml:106:27-77
category#android.intent.category.SELECTED_ALTERNATIVE
ADDED from src/main/AndroidManifest.xml:109:17-89
	android:name
		ADDED from src/main/AndroidManifest.xml:109:27-86
activity#com.example.android.notepad.NotesLiveFolder
ADDED from src/main/AndroidManifest.xml:115:9-121:20
	android:label
		ADDED from src/main/AndroidManifest.xml:115:50-90
	android:icon
		ADDED from src/main/AndroidManifest.xml:116:13-55
	android:name
		ADDED from src/main/AndroidManifest.xml:115:19-49
intent-filter#android.intent.action.CREATE_LIVE_FOLDER+android.intent.category.DEFAULT
ADDED from src/main/AndroidManifest.xml:117:13-120:29
action#android.intent.action.CREATE_LIVE_FOLDER
ADDED from src/main/AndroidManifest.xml:118:17-83
	android:name
		ADDED from src/main/AndroidManifest.xml:118:25-80